2020-10-12T15:14:05.814Z [my-app] error: Error log
2020-10-12T15:14:05.816Z [my-app] warn: Warn log
2020-10-12T15:14:05.817Z [my-app] info: Info log
2020-10-12T15:14:05.826Z [my-app] verbose: Verbose log
2020-10-12T15:14:05.827Z [my-app] debug: Debug log
2020-10-12T15:14:05.827Z [my-app] silly: Silly log
2020-10-12T16:02:47.204Z [my-app] error: Error log
2020-10-12T16:02:47.206Z [my-app] warn: Warn log
2020-10-12T16:02:47.215Z [my-app] info: Info log
2020-10-12T16:02:47.215Z [my-app] verbose: Verbose log
2020-10-12T16:02:47.216Z [my-app] debug: Debug log
2020-10-12T16:02:47.217Z [my-app] silly: Silly log
2020-10-12T16:03:50.351Z [my-app] error: Error log
2020-10-12T16:03:50.353Z [my-app] warn: Warn log
2020-10-12T16:03:50.361Z [my-app] info: Info log
2020-10-12T16:03:50.361Z [my-app] verbose: Verbose log
2020-10-12T16:03:50.362Z [my-app] debug: Debug log
2020-10-12T16:03:50.362Z [my-app] silly: Silly log
2020-10-12T16:04:37.422Z [my-app] error: Error log
2020-10-12T16:04:37.424Z [my-app] warn: Warn log
2020-10-12T16:04:37.425Z [my-app] info: Info log
2020-10-12T16:04:37.425Z [my-app] verbose: Verbose log
2020-10-12T16:04:37.426Z [my-app] debug: Debug log
2020-10-12T16:04:37.426Z [my-app] silly: Silly log
